[9] 2017-34-08 14:11:23 2017-11-08 14:34:23移动文件开始
--------------------------------------------
[9] 2017-34-08 14:11:28 2017-11-08 14:34:28移动文件:D:\TEMP\XML\2\661104REC_201709261757153520001_data667E603FACD15D354E6978F245318E59.xml
--------------------------------------------
[9] 2017-34-08 14:11:31 2017-11-08 14:34:31移动文件成功:D:\TEMP\XML\2\661104REC_201709261757153520001_data667E603FACD15D354E6978F245318E59.xml
--------------------------------------------
[9] 2017-34-08 14:11:35 2017-11-08 14:34:35移动文件:D:\TEMP\XML\2\661104REC_201709261757175390001_dataB28BAE268F955BBF58C8941CBFF695CF.xml
--------------------------------------------
[9] 2017-34-08 14:11:36 2017-11-08 14:34:36移动文件成功:D:\TEMP\XML\2\661104REC_201709261757175390001_dataB28BAE268F955BBF58C8941CBFF695CF.xml
--------------------------------------------
[9] 2017-34-08 14:11:40 2017-11-08 14:34:40移动文件:D:\TEMP\XML\2\661104REC_201709261757192930001_data820D170A0F4C353D6AB9EE6D968E4C10.xml
--------------------------------------------
[9] 2017-34-08 14:11:41 2017-11-08 14:34:41移动文件成功:D:\TEMP\XML\2\661104REC_201709261757192930001_data820D170A0F4C353D6AB9EE6D968E4C10.xml
--------------------------------------------
[9] 2017-34-08 14:11:45 2017-11-08 14:34:45移动文件:D:\TEMP\XML\2\DOCREC_201709261704171510001_data9D3732EBB3DE78205E401631206A5D48.xml
[9] 2017-34-08 14:11:45 2017-11-08 14:34:45移动文件成功:D:\TEMP\XML\2\DOCREC_201709261704171510001_data9D3732EBB3DE78205E401631206A5D48.xml
[9] 2017-34-08 14:11:45 2017-11-08 14:34:45移动文件结束
--------------------------------------------
[9] 2017-35-08 14:11:53 2017-11-08 14:35:53移动文件开始
--------------------------------------------
[9] 2017-35-08 14:11:53 2017-11-08 14:35:53移动文件:D:\TEMP\XML\2\661104REC_201709261757153520001_data667E603FACD15D354E6978F245318E59.xml
--------------------------------------------
[9] 2017-35-08 14:11:53 2017-11-08 14:35:53移动文件成功:D:\TEMP\XML\2\661104REC_201709261757153520001_data667E603FACD15D354E6978F245318E59.xml
--------------------------------------------
[9] 2017-35-08 14:11:53 2017-11-08 14:35:53移动文件:D:\TEMP\XML\2\661104REC_201709261757175390001_dataB28BAE268F955BBF58C8941CBFF695CF.xml
--------------------------------------------
[9] 2017-35-08 14:11:53 2017-11-08 14:35:53移动文件成功:D:\TEMP\XML\2\661104REC_201709261757175390001_dataB28BAE268F955BBF58C8941CBFF695CF.xml
[9] 2017-35-08 14:11:53 2017-11-08 14:35:53移动文件:D:\TEMP\XML\2\661104REC_201709261757192930001_data820D170A0F4C353D6AB9EE6D968E4C10.xml
--------------------------------------------
[9] 2017-35-08 14:11:53 2017-11-08 14:35:53移动文件成功:D:\TEMP\XML\2\661104REC_201709261757192930001_data820D170A0F4C353D6AB9EE6D968E4C10.xml
--------------------------------------------
[9] 2017-35-08 14:11:53 2017-11-08 14:35:53移动文件:D:\TEMP\XML\2\DOCREC_201709261704171510001_data9D3732EBB3DE78205E401631206A5D48.xml
--------------------------------------------
[9] 2017-35-08 14:11:53 2017-11-08 14:35:53移动文件成功:D:\TEMP\XML\2\DOCREC_201709261704171510001_data9D3732EBB3DE78205E401631206A5D48.xml
[9] 2017-35-08 14:11:53 2017-11-08 14:35:53移动文件结束
--------------------------------------------
[9] 2017-36-08 14:11:32 2017-11-08 14:36:32移动文件开始
--------------------------------------------
[9] 2017-36-08 14:11:37 2017-11-08 14:36:37移动文件:D:\TEMP\XML\2\661104REC_201709261757153520001_data667E603FACD15D354E6978F245318E59.xml
--------------------------------------------
[1] 2017-37-08 14:11:35 2017-11-08 14:37:35移动文件开始
[1] 2017-37-08 14:11:35 2017-11-08 14:37:35移动文件:D:\TEMP\XML\2\661104REC_201709261757153520001_data667E603FACD15D354E6978F245318E59.xml
--------------------------------------------
[1] 2017-37-08 14:11:35 2017-11-08 14:37:35移动文件成功:D:\TEMP\XML\2\661104REC_201709261757153520001_data667E603FACD15D354E6978F245318E59.xml
[1] 2017-37-08 14:11:35 2017-11-08 14:37:35移动文件:D:\TEMP\XML\2\661104REC_201709261757175390001_dataB28BAE268F955BBF58C8941CBFF695CF.xml
--------------------------------------------
[1] 2017-37-08 14:11:35 2017-11-08 14:37:35移动文件成功:D:\TEMP\XML\2\661104REC_201709261757175390001_dataB28BAE268F955BBF58C8941CBFF695CF.xml
[1] 2017-37-08 14:11:35 2017-11-08 14:37:35移动文件:D:\TEMP\XML\2\661104REC_201709261757192930001_data820D170A0F4C353D6AB9EE6D968E4C10.xml
--------------------------------------------
[1] 2017-37-08 14:11:35 2017-11-08 14:37:35移动文件成功:D:\TEMP\XML\2\661104REC_201709261757192930001_data820D170A0F4C353D6AB9EE6D968E4C10.xml
[1] 2017-37-08 14:11:35 2017-11-08 14:37:35移动文件:D:\TEMP\XML\2\DOCREC_201709261704171510001_data9D3732EBB3DE78205E401631206A5D48.xml
--------------------------------------------
[1] 2017-37-08 14:11:35 2017-11-08 14:37:35移动文件成功:D:\TEMP\XML\2\DOCREC_201709261704171510001_data9D3732EBB3DE78205E401631206A5D48.xml
[1] 2017-37-08 14:11:35 2017-11-08 14:37:35移动文件结束
--------------------------------------------
